time="2022-01-27 00:09:51" level=info Agent="Mozilla/5.0 (Windows NT 10.0; WOW64) AppleWebKit/537.36 (KHTML, like Gecko) Chrome/86.0.4240.198 Safari/537.36" DataSize=46 HostName=LAPTOP-VP0CHJ56 Ip="::1" Method=GET Path=/api/v1/dailyrank SspendTime="0 ms" status=200
time="2022-01-27 00:09:51" level=info Agent="Mozilla/5.0 (Windows NT 10.0; WOW64) AppleWebKit/537.36 (KHTML, like Gecko) Chrome/86.0.4240.198 Safari/537.36" DataSize=85 HostName=LAPTOP-VP0CHJ56 Ip="::1" Method=GET Path=/api/v1/user/personal SspendTime="0 ms" status=200
time="2022-01-27 00:09:51" level=info Agent="Mozilla/5.0 (Windows NT 10.0; WOW64) AppleWebKit/537.36 (KHTML, like Gecko) Chrome/86.0.4240.198 Safari/537.36" DataSize=7967 HostName=LAPTOP-VP0CHJ56 Ip="::1" Method=GET Path="/api/v1/video?pagesize=9&pagenum=1&desc=0&orderelement=created_at" SspendTime="5 ms" status=200
time="2022-01-27 00:09:51" level=info Agent="Mozilla/5.0 (Windows NT 10.0; WOW64) AppleWebKit/537.36 (KHTML, like Gecko) Chrome/86.0.4240.198 Safari/537.36" DataSize=7273 HostName=LAPTOP-VP0CHJ56 Ip="::1" Method=GET Path=/api/v1/monthlyrank SspendTime="4 ms" status=200
time="2022-01-27 00:09:51" level=info Agent="Mozilla/5.0 (Windows NT 10.0; WOW64) AppleWebKit/537.36 (KHTML, like Gecko) Chrome/86.0.4240.198 Safari/537.36" DataSize=24761 HostName=LAPTOP-VP0CHJ56 Ip="::1" Method=GET Path=/api/v1/clickrank SspendTime="8 ms" status=200
time="2022-01-27 00:09:53" level=info Agent="Mozilla/5.0 (Windows NT 10.0; WOW64) AppleWebKit/537.36 (KHTML, like Gecko) Chrome/86.0.4240.198 Safari/537.36" DataSize=85 HostName=LAPTOP-VP0CHJ56 Ip="::1" Method=GET Path=/api/v1/user/personal SspendTime="0 ms" status=200
time="2022-01-27 00:09:53" level=info Agent="Mozilla/5.0 (Windows NT 10.0; WOW64) AppleWebKit/537.36 (KHTML, like Gecko) Chrome/86.0.4240.198 Safari/537.36" DataSize=66 HostName=LAPTOP-VP0CHJ56 Ip="::1" Method=GET Path="/api/v1/comment/3?pagesize=5&pagenum=1&desc=1&orderelement=created_at" SspendTime="0 ms" status=200
time="2022-01-27 00:09:53" level=info Agent="Mozilla/5.0 (Windows NT 10.0; WOW64) AppleWebKit/537.36 (KHTML, like Gecko) Chrome/86.0.4240.198 Safari/537.36" DataSize=921 HostName=LAPTOP-VP0CHJ56 Ip="::1" Method=GET Path=/api/v1/video/3 SspendTime="1 ms" status=200
time="2022-01-27 00:11:58" level=info Agent="Mozilla/5.0 (Windows NT 10.0; WOW64) AppleWebKit/537.36 (KHTML, like Gecko) Chrome/86.0.4240.198 Safari/537.36" DataSize=85 HostName=LAPTOP-VP0CHJ56 Ip="::1" Method=GET Path=/api/v1/user/personal SspendTime="0 ms" status=200
time="2022-01-27 00:11:58" level=info Agent="Mozilla/5.0 (Windows NT 10.0; WOW64) AppleWebKit/537.36 (KHTML, like Gecko) Chrome/86.0.4240.198 Safari/537.36" DataSize=923 HostName=LAPTOP-VP0CHJ56 Ip="::1" Method=GET Path=/api/v1/dailyrank SspendTime="1 ms" status=200
time="2022-01-27 00:11:58" level=info Agent="Mozilla/5.0 (Windows NT 10.0; WOW64) AppleWebKit/537.36 (KHTML, like Gecko) Chrome/86.0.4240.198 Safari/537.36" DataSize=7273 HostName=LAPTOP-VP0CHJ56 Ip="::1" Method=GET Path=/api/v1/monthlyrank SspendTime="3 ms" status=200
time="2022-01-27 00:11:58" level=info Agent="Mozilla/5.0 (Windows NT 10.0; WOW64) AppleWebKit/537.36 (KHTML, like Gecko) Chrome/86.0.4240.198 Safari/537.36" DataSize=7967 HostName=LAPTOP-VP0CHJ56 Ip="::1" Method=GET Path="/api/v1/video?pagesize=9&pagenum=1&desc=0&orderelement=created_at" SspendTime="4 ms" status=200
time="2022-01-27 00:11:58" level=info Agent="Mozilla/5.0 (Windows NT 10.0; WOW64) AppleWebKit/537.36 (KHTML, like Gecko) Chrome/86.0.4240.198 Safari/537.36" DataSize=24761 HostName=LAPTOP-VP0CHJ56 Ip="::1" Method=GET Path=/api/v1/clickrank SspendTime="8 ms" status=200
time="2022-01-27 00:11:59" level=info Agent="Mozilla/5.0 (Windows NT 10.0; WOW64) AppleWebKit/537.36 (KHTML, like Gecko) Chrome/86.0.4240.198 Safari/537.36" DataSize=85 HostName=LAPTOP-VP0CHJ56 Ip="::1" Method=GET Path=/api/v1/user/personal SspendTime="0 ms" status=200
time="2022-01-27 00:11:59" level=info Agent="Mozilla/5.0 (Windows NT 10.0; WOW64) AppleWebKit/537.36 (KHTML, like Gecko) Chrome/86.0.4240.198 Safari/537.36" DataSize=921 HostName=LAPTOP-VP0CHJ56 Ip="::1" Method=GET Path=/api/v1/video/1 SspendTime="0 ms" status=200
time="2022-01-27 00:11:59" level=info Agent="Mozilla/5.0 (Windows NT 10.0; WOW64) AppleWebKit/537.36 (KHTML, like Gecko) Chrome/86.0.4240.198 Safari/537.36" DataSize=331 HostName=LAPTOP-VP0CHJ56 Ip="::1" Method=GET Path="/api/v1/comment/1?pagesize=5&pagenum=1&desc=1&orderelement=created_at" SspendTime="1 ms" status=200
time="2022-01-27 00:12:28" level=info Agent="Mozilla/5.0 (Windows NT 10.0; WOW64) AppleWebKit/537.36 (KHTML, like Gecko) Chrome/86.0.4240.198 Safari/537.36" DataSize=85 HostName=LAPTOP-VP0CHJ56 Ip="::1" Method=GET Path=/api/v1/user/personal SspendTime="0 ms" status=200
time="2022-01-27 00:12:28" level=info Agent="Mozilla/5.0 (Windows NT 10.0; WOW64) AppleWebKit/537.36 (KHTML, like Gecko) Chrome/86.0.4240.198 Safari/537.36" DataSize=921 HostName=LAPTOP-VP0CHJ56 Ip="::1" Method=GET Path=/api/v1/video/1 SspendTime="2 ms" status=200
time="2022-01-27 00:12:28" level=info Agent="Mozilla/5.0 (Windows NT 10.0; WOW64) AppleWebKit/537.36 (KHTML, like Gecko) Chrome/86.0.4240.198 Safari/537.36" DataSize=331 HostName=LAPTOP-VP0CHJ56 Ip="::1" Method=GET Path="/api/v1/comment/1?pagesize=5&pagenum=1&desc=1&orderelement=created_at" SspendTime="1 ms" status=200
time="2022-01-27 00:12:53" level=info Agent="Mozilla/5.0 (Windows NT 10.0; WOW64) AppleWebKit/537.36 (KHTML, like Gecko) Chrome/86.0.4240.198 Safari/537.36" DataSize=85 HostName=LAPTOP-VP0CHJ56 Ip="::1" Method=GET Path=/api/v1/user/personal SspendTime="0 ms" status=200
time="2022-01-27 00:12:53" level=info Agent="Mozilla/5.0 (Windows NT 10.0; WOW64) AppleWebKit/537.36 (KHTML, like Gecko) Chrome/86.0.4240.198 Safari/537.36" DataSize=1803 HostName=LAPTOP-VP0CHJ56 Ip="::1" Method=GET Path=/api/v1/dailyrank SspendTime="2 ms" status=200
time="2022-01-27 00:12:53" level=info Agent="Mozilla/5.0 (Windows NT 10.0; WOW64) AppleWebKit/537.36 (KHTML, like Gecko) Chrome/86.0.4240.198 Safari/537.36" DataSize=7967 HostName=LAPTOP-VP0CHJ56 Ip="::1" Method=GET Path="/api/v1/video?pagesize=9&pagenum=1&desc=0&orderelement=created_at" SspendTime="3 ms" status=200
time="2022-01-27 00:12:53" level=info Agent="Mozilla/5.0 (Windows NT 10.0; WOW64) AppleWebKit/537.36 (KHTML, like Gecko) Chrome/86.0.4240.198 Safari/537.36" DataSize=7273 HostName=LAPTOP-VP0CHJ56 Ip="::1" Method=GET Path=/api/v1/monthlyrank SspendTime="4 ms" status=200
time="2022-01-27 00:12:53" level=info Agent="Mozilla/5.0 (Windows NT 10.0; WOW64) AppleWebKit/537.36 (KHTML, like Gecko) Chrome/86.0.4240.198 Safari/537.36" DataSize=24761 HostName=LAPTOP-VP0CHJ56 Ip="::1" Method=GET Path=/api/v1/clickrank SspendTime="7 ms" status=200
time="2022-01-27 00:22:15" level=info Agent="Mozilla/5.0 (Windows NT 10.0; WOW64) AppleWebKit/537.36 (KHTML, like Gecko) Chrome/86.0.4240.198 Safari/537.36" DataSize=85 HostName=LAPTOP-VP0CHJ56 Ip="::1" Method=GET Path=/api/v1/user/personal SspendTime="0 ms" status=200
time="2022-01-27 00:22:15" level=info Agent="Mozilla/5.0 (Windows NT 10.0; WOW64) AppleWebKit/537.36 (KHTML, like Gecko) Chrome/86.0.4240.198 Safari/537.36" DataSize=7967 HostName=LAPTOP-VP0CHJ56 Ip="::1" Method=GET Path="/api/v1/video?pagesize=9&pagenum=1&desc=0&orderelement=created_at" SspendTime="4 ms" status=200
time="2022-01-27 00:22:15" level=info Agent="Mozilla/5.0 (Windows NT 10.0; WOW64) AppleWebKit/537.36 (KHTML, like Gecko) Chrome/86.0.4240.198 Safari/537.36" DataSize=1803 HostName=LAPTOP-VP0CHJ56 Ip="::1" Method=GET Path=/api/v1/dailyrank SspendTime="2 ms" status=200
time="2022-01-27 00:22:15" level=info Agent="Mozilla/5.0 (Windows NT 10.0; WOW64) AppleWebKit/537.36 (KHTML, like Gecko) Chrome/86.0.4240.198 Safari/537.36" DataSize=7273 HostName=LAPTOP-VP0CHJ56 Ip="::1" Method=GET Path=/api/v1/monthlyrank SspendTime="14 ms" status=200
time="2022-01-27 00:22:15" level=info Agent="Mozilla/5.0 (Windows NT 10.0; WOW64) AppleWebKit/537.36 (KHTML, like Gecko) Chrome/86.0.4240.198 Safari/537.36" DataSize=24761 HostName=LAPTOP-VP0CHJ56 Ip="::1" Method=GET Path=/api/v1/clickrank SspendTime="19 ms" status=200
time="2022-01-27 00:22:21" level=info Agent="Mozilla/5.0 (Windows NT 10.0; WOW64) AppleWebKit/537.36 (KHTML, like Gecko) Chrome/86.0.4240.198 Safari/537.36" DataSize=85 HostName=LAPTOP-VP0CHJ56 Ip="::1" Method=GET Path=/api/v1/user/personal SspendTime="0 ms" status=200
time="2022-01-27 00:22:26" level=info Agent="Mozilla/5.0 (Windows NT 10.0; WOW64) AppleWebKit/537.36 (KHTML, like Gecko) Chrome/86.0.4240.198 Safari/537.36" DataSize=203 HostName=LAPTOP-VP0CHJ56 Ip="::1" Method=POST Path=/api/v1/user/login SspendTime="0 ms" status=200
time="2022-01-27 00:22:26" level=info Agent="Mozilla/5.0 (Windows NT 10.0; WOW64) AppleWebKit/537.36 (KHTML, like Gecko) Chrome/86.0.4240.198 Safari/537.36" DataSize=207 HostName=LAPTOP-VP0CHJ56 Ip="::1" Method=GET Path=/api/v1/user/personal SspendTime="0 ms" status=200
time="2022-01-27 00:22:26" level=info Agent="Mozilla/5.0 (Windows NT 10.0; WOW64) AppleWebKit/537.36 (KHTML, like Gecko) Chrome/86.0.4240.198 Safari/537.36" DataSize=334 HostName=LAPTOP-VP0CHJ56 Ip="::1" Method=GET Path=/api/v1/commentchecklist SspendTime="0 ms" status=200
time="2022-01-27 00:22:26" level=info Agent="Mozilla/5.0 (Windows NT 10.0; WOW64) AppleWebKit/537.36 (KHTML, like Gecko) Chrome/86.0.4240.198 Safari/537.36" DataSize=640 HostName=LAPTOP-VP0CHJ56 Ip="::1" Method=GET Path=/api/v1/videochecklist SspendTime="0 ms" status=200
time="2022-01-27 00:22:32" level=info Agent="Mozilla/5.0 (Windows NT 10.0; WOW64) AppleWebKit/537.36 (KHTML, like Gecko) Chrome/86.0.4240.198 Safari/537.36" DataSize=207 HostName=LAPTOP-VP0CHJ56 Ip="::1" Method=GET Path=/api/v1/user/personal SspendTime="0 ms" status=200
time="2022-01-27 00:22:32" level=info Agent="Mozilla/5.0 (Windows NT 10.0; WOW64) AppleWebKit/537.36 (KHTML, like Gecko) Chrome/86.0.4240.198 Safari/537.36" DataSize=66 HostName=LAPTOP-VP0CHJ56 Ip="::1" Method=GET Path="/api/v1/comment/2?pagesize=5&pagenum=1&desc=1&orderelement=created_at" SspendTime="1 ms" status=200
time="2022-01-27 00:22:32" level=info Agent="Mozilla/5.0 (Windows NT 10.0; WOW64) AppleWebKit/537.36 (KHTML, like Gecko) Chrome/86.0.4240.198 Safari/537.36" DataSize=920 HostName=LAPTOP-VP0CHJ56 Ip="::1" Method=GET Path=/api/v1/video/2 SspendTime="1 ms" status=200
time="2022-01-27 00:22:35" level=info Agent="Mozilla/5.0 (Windows NT 10.0; WOW64) AppleWebKit/537.36 (KHTML, like Gecko) Chrome/86.0.4240.198 Safari/537.36" DataSize=207 HostName=LAPTOP-VP0CHJ56 Ip="::1" Method=GET Path=/api/v1/user/personal SspendTime="0 ms" status=200
time="2022-01-27 00:22:35" level=info Agent="Mozilla/5.0 (Windows NT 10.0; WOW64) AppleWebKit/537.36 (KHTML, like Gecko) Chrome/86.0.4240.198 Safari/537.36" DataSize=920 HostName=LAPTOP-VP0CHJ56 Ip="::1" Method=GET Path=/api/v1/video/2 SspendTime="1 ms" status=200
time="2022-01-27 00:22:35" level=info Agent="Mozilla/5.0 (Windows NT 10.0; WOW64) AppleWebKit/537.36 (KHTML, like Gecko) Chrome/86.0.4240.198 Safari/537.36" DataSize=66 HostName=LAPTOP-VP0CHJ56 Ip="::1" Method=GET Path="/api/v1/comment/2?pagesize=5&pagenum=1&desc=1&orderelement=created_at" SspendTime="1 ms" status=200
time="2022-01-27 00:22:38" level=info Agent="Mozilla/5.0 (Windows NT 10.0; WOW64) AppleWebKit/537.36 (KHTML, like Gecko) Chrome/86.0.4240.198 Safari/537.36" DataSize=207 HostName=LAPTOP-VP0CHJ56 Ip="::1" Method=GET Path=/api/v1/user/personal SspendTime="0 ms" status=200
time="2022-01-27 00:22:38" level=info Agent="Mozilla/5.0 (Windows NT 10.0; WOW64) AppleWebKit/537.36 (KHTML, like Gecko) Chrome/86.0.4240.198 Safari/537.36" DataSize=66 HostName=LAPTOP-VP0CHJ56 Ip="::1" Method=GET Path="/api/v1/comment/2?pagesize=5&pagenum=1&desc=1&orderelement=created_at" SspendTime="0 ms" status=200
time="2022-01-27 00:22:38" level=info Agent="Mozilla/5.0 (Windows NT 10.0; WOW64) AppleWebKit/537.36 (KHTML, like Gecko) Chrome/86.0.4240.198 Safari/537.36" DataSize=920 HostName=LAPTOP-VP0CHJ56 Ip="::1" Method=GET Path=/api/v1/video/2 SspendTime="1 ms" status=200
time="2022-01-27 00:24:18" level=info Agent="Mozilla/5.0 (Windows NT 10.0; WOW64) AppleWebKit/537.36 (KHTML, like Gecko) Chrome/86.0.4240.198 Safari/537.36" DataSize=207 HostName=LAPTOP-VP0CHJ56 Ip="::1" Method=GET Path=/api/v1/user/personal SspendTime="20 ms" status=200
time="2022-01-27 00:24:18" level=info Agent="Mozilla/5.0 (Windows NT 10.0; WOW64) AppleWebKit/537.36 (KHTML, like Gecko) Chrome/86.0.4240.198 Safari/537.36" DataSize=618 HostName=LAPTOP-VP0CHJ56 Ip="::1" Method=GET Path=/api/v1/video/34 SspendTime="21 ms" status=200
time="2022-01-27 00:24:18" level=info Agent="Mozilla/5.0 (Windows NT 10.0; WOW64) AppleWebKit/537.36 (KHTML, like Gecko) Chrome/86.0.4240.198 Safari/537.36" DataSize=66 HostName=LAPTOP-VP0CHJ56 Ip="::1" Method=GET Path="/api/v1/comment/34?pagesize=5&pagenum=1&desc=1&orderelement=created_at" SspendTime="21 ms" status=200
time="2022-01-27 00:24:26" level=info Agent="Mozilla/5.0 (Windows NT 10.0; WOW64) AppleWebKit/537.36 (KHTML, like Gecko) Chrome/86.0.4240.198 Safari/537.36" DataSize=1123 HostName=LAPTOP-VP0CHJ56 Ip="::1" Method=GET Path="/api/v1/video?pagesize=9&pagenum=4&desc=0&orderelement=created_at" SspendTime="1 ms" status=200
time="2022-01-27 00:24:28" level=info Agent="Mozilla/5.0 (Windows NT 10.0; WOW64) AppleWebKit/537.36 (KHTML, like Gecko) Chrome/86.0.4240.198 Safari/537.36" DataSize=85 HostName=LAPTOP-VP0CHJ56 Ip="::1" Method=GET Path=/api/v1/user/personal SspendTime="0 ms" status=200
time="2022-01-27 00:24:28" level=info Agent="Mozilla/5.0 (Windows NT 10.0; WOW64) AppleWebKit/537.36 (KHTML, like Gecko) Chrome/86.0.4240.198 Safari/537.36" DataSize=66 HostName=LAPTOP-VP0CHJ56 Ip="::1" Method=GET Path="/api/v1/comment/29?pagesize=5&pagenum=1&desc=1&orderelement=created_at" SspendTime="0 ms" status=200
time="2022-01-27 00:24:28" level=info Agent="Mozilla/5.0 (Windows NT 10.0; WOW64) AppleWebKit/537.36 (KHTML, like Gecko) Chrome/86.0.4240.198 Safari/537.36" DataSize=1100 HostName=LAPTOP-VP0CHJ56 Ip="::1" Method=GET Path=/api/v1/video/29 SspendTime="1 ms" status=200
time="2022-01-27 00:27:15" level=info Agent="Mozilla/5.0 (Windows NT 10.0; WOW64) AppleWebKit/537.36 (KHTML, like Gecko) Chrome/86.0.4240.198 Safari/537.36" DataSize=85 HostName=LAPTOP-VP0CHJ56 Ip="::1" Method=GET Path=/api/v1/user/personal SspendTime="0 ms" status=200
time="2022-01-27 00:27:23" level=info Agent="Mozilla/5.0 (Windows NT 10.0; WOW64) AppleWebKit/537.36 (KHTML, like Gecko) Chrome/86.0.4240.198 Safari/537.36" DataSize=203 HostName=LAPTOP-VP0CHJ56 Ip="::1" Method=POST Path=/api/v1/user/login SspendTime="3 ms" status=200
time="2022-01-27 00:27:23" level=info Agent="Mozilla/5.0 (Windows NT 10.0; WOW64) AppleWebKit/537.36 (KHTML, like Gecko) Chrome/86.0.4240.198 Safari/537.36" DataSize=2862 HostName=LAPTOP-VP0CHJ56 Ip="::1" Method=GET Path=/api/v1/dailyrank SspendTime="3 ms" status=200
time="2022-01-27 00:27:23" level=info Agent="Mozilla/5.0 (Windows NT 10.0; WOW64) AppleWebKit/537.36 (KHTML, like Gecko) Chrome/86.0.4240.198 Safari/537.36" DataSize=207 HostName=LAPTOP-VP0CHJ56 Ip="::1" Method=GET Path=/api/v1/user/personal SspendTime="2 ms" status=200
time="2022-01-27 00:27:23" level=info Agent="Mozilla/5.0 (Windows NT 10.0; WOW64) AppleWebKit/537.36 (KHTML, like Gecko) Chrome/86.0.4240.198 Safari/537.36" DataSize=7273 HostName=LAPTOP-VP0CHJ56 Ip="::1" Method=GET Path=/api/v1/monthlyrank SspendTime="3 ms" status=200
time="2022-01-27 00:27:23" level=info Agent="Mozilla/5.0 (Windows NT 10.0; WOW64) AppleWebKit/537.36 (KHTML, like Gecko) Chrome/86.0.4240.198 Safari/537.36" DataSize=7967 HostName=LAPTOP-VP0CHJ56 Ip="::1" Method=GET Path="/api/v1/video?pagesize=9&pagenum=1&desc=0&orderelement=created_at" SspendTime="5 ms" status=200
time="2022-01-27 00:27:23" level=info Agent="Mozilla/5.0 (Windows NT 10.0; WOW64) AppleWebKit/537.36 (KHTML, like Gecko) Chrome/86.0.4240.198 Safari/537.36" DataSize=24761 HostName=LAPTOP-VP0CHJ56 Ip="::1" Method=GET Path=/api/v1/clickrank SspendTime="10 ms" status=200
time="2022-01-27 00:27:27" level=info Agent="Mozilla/5.0 (Windows NT 10.0; WOW64) AppleWebKit/537.36 (KHTML, like Gecko) Chrome/86.0.4240.198 Safari/537.36" DataSize=207 HostName=LAPTOP-VP0CHJ56 Ip="::1" Method=GET Path=/api/v1/user/personal SspendTime="0 ms" status=200
time="2022-01-27 00:27:27" level=info Agent="Mozilla/5.0 (Windows NT 10.0; WOW64) AppleWebKit/537.36 (KHTML, like Gecko) Chrome/86.0.4240.198 Safari/537.36" DataSize=207 HostName=LAPTOP-VP0CHJ56 Ip="::1" Method=GET Path=/api/v1/user/personal SspendTime="0 ms" status=200
time="2022-01-27 00:27:29" level=info Agent="Mozilla/5.0 (Windows NT 10.0; WOW64) AppleWebKit/537.36 (KHTML, like Gecko) Chrome/86.0.4240.198 Safari/537.36" DataSize=207 HostName=LAPTOP-VP0CHJ56 Ip="::1" Method=GET Path=/api/v1/user/personal SspendTime="0 ms" status=200
time="2022-01-27 00:27:29" level=info Agent="Mozilla/5.0 (Windows NT 10.0; WOW64) AppleWebKit/537.36 (KHTML, like Gecko) Chrome/86.0.4240.198 Safari/537.36" DataSize=207 HostName=LAPTOP-VP0CHJ56 Ip="::1" Method=GET Path=/api/v1/user/personal SspendTime="0 ms" status=200
time="2022-01-27 00:27:29" level=info Agent="Mozilla/5.0 (Windows NT 10.0; WOW64) AppleWebKit/537.36 (KHTML, like Gecko) Chrome/86.0.4240.198 Safari/537.36" DataSize=24782 HostName=LAPTOP-VP0CHJ56 Ip="::1" Method=GET Path=/api/v1/uservideolist/1 SspendTime="7 ms" status=200
time="2022-01-27 00:31:10" level=info Agent="Mozilla/5.0 (Windows NT 10.0; WOW64) AppleWebKit/537.36 (KHTML, like Gecko) Chrome/86.0.4240.198 Safari/537.36" DataSize=66 HostName=LAPTOP-VP0CHJ56 Ip="::1" Method=GET Path=/api/v1/videochecklist SspendTime="2 ms" status=200
time="2022-01-27 00:31:10" level=info Agent="Mozilla/5.0 (Windows NT 10.0; WOW64) AppleWebKit/537.36 (KHTML, like Gecko) Chrome/86.0.4240.198 Safari/537.36" DataSize=207 HostName=LAPTOP-VP0CHJ56 Ip="::1" Method=GET Path=/api/v1/user/personal SspendTime="2 ms" status=200
time="2022-01-27 00:31:10" level=info Agent="Mozilla/5.0 (Windows NT 10.0; WOW64) AppleWebKit/537.36 (KHTML, like Gecko) Chrome/86.0.4240.198 Safari/537.36" DataSize=334 HostName=LAPTOP-VP0CHJ56 Ip="::1" Method=GET Path=/api/v1/commentchecklist SspendTime="2 ms" status=200
time="2022-01-27 00:31:14" level=info Agent="Mozilla/5.0 (Windows NT 10.0; WOW64) AppleWebKit/537.36 (KHTML, like Gecko) Chrome/86.0.4240.198 Safari/537.36" DataSize=66 HostName=LAPTOP-VP0CHJ56 Ip="::1" Method=GET Path=/api/v1/videochecklist SspendTime="0 ms" status=200
time="2022-01-27 00:31:14" level=info Agent="Mozilla/5.0 (Windows NT 10.0; WOW64) AppleWebKit/537.36 (KHTML, like Gecko) Chrome/86.0.4240.198 Safari/537.36" DataSize=207 HostName=LAPTOP-VP0CHJ56 Ip="::1" Method=GET Path=/api/v1/user/personal SspendTime="0 ms" status=200
time="2022-01-27 00:31:14" level=info Agent="Mozilla/5.0 (Windows NT 10.0; WOW64) AppleWebKit/537.36 (KHTML, like Gecko) Chrome/86.0.4240.198 Safari/537.36" DataSize=334 HostName=LAPTOP-VP0CHJ56 Ip="::1" Method=GET Path=/api/v1/commentchecklist SspendTime="1 ms" status=200
time="2022-01-27 00:31:21" level=info Agent="Mozilla/5.0 (Windows NT 10.0; WOW64) AppleWebKit/537.36 (KHTML, like Gecko) Chrome/86.0.4240.198 Safari/537.36" DataSize=66 HostName=LAPTOP-VP0CHJ56 Ip="::1" Method=GET Path=/api/v1/videochecklist SspendTime="0 ms" status=200
time="2022-01-27 00:31:21" level=info Agent="Mozilla/5.0 (Windows NT 10.0; WOW64) AppleWebKit/537.36 (KHTML, like Gecko) Chrome/86.0.4240.198 Safari/537.36" DataSize=207 HostName=LAPTOP-VP0CHJ56 Ip="::1" Method=GET Path=/api/v1/user/personal SspendTime="0 ms" status=200
time="2022-01-27 00:31:21" level=info Agent="Mozilla/5.0 (Windows NT 10.0; WOW64) AppleWebKit/537.36 (KHTML, like Gecko) Chrome/86.0.4240.198 Safari/537.36" DataSize=334 HostName=LAPTOP-VP0CHJ56 Ip="::1" Method=GET Path=/api/v1/commentchecklist SspendTime="1 ms" status=200
time="2022-01-27 00:31:27" level=info Agent="Mozilla/5.0 (Windows NT 10.0; WOW64) AppleWebKit/537.36 (KHTML, like Gecko) Chrome/86.0.4240.198 Safari/537.36" DataSize=81 HostName=LAPTOP-VP0CHJ56 Ip="::1" Method=GET Path=/api/v1/video/34 SspendTime="0 ms" status=200
time="2022-01-27 00:31:27" level=info Agent="Mozilla/5.0 (Windows NT 10.0; WOW64) AppleWebKit/537.36 (KHTML, like Gecko) Chrome/86.0.4240.198 Safari/537.36" DataSize=207 HostName=LAPTOP-VP0CHJ56 Ip="::1" Method=GET Path=/api/v1/user/personal SspendTime="0 ms" status=200
time="2022-01-27 00:31:27" level=info Agent="Mozilla/5.0 (Windows NT 10.0; WOW64) AppleWebKit/537.36 (KHTML, like Gecko) Chrome/86.0.4240.198 Safari/537.36" DataSize=66 HostName=LAPTOP-VP0CHJ56 Ip="::1" Method=GET Path="/api/v1/comment/34?pagesize=5&pagenum=1&desc=1&orderelement=created_at" SspendTime="1 ms" status=200
time="2022-01-27 00:31:30" level=info Agent="Mozilla/5.0 (Windows NT 10.0; WOW64) AppleWebKit/537.36 (KHTML, like Gecko) Chrome/86.0.4240.198 Safari/537.36" DataSize=81 HostName=LAPTOP-VP0CHJ56 Ip="::1" Method=GET Path=/api/v1/video/34 SspendTime="0 ms" status=200
time="2022-01-27 00:31:30" level=info Agent="Mozilla/5.0 (Windows NT 10.0; WOW64) AppleWebKit/537.36 (KHTML, like Gecko) Chrome/86.0.4240.198 Safari/537.36" DataSize=207 HostName=LAPTOP-VP0CHJ56 Ip="::1" Method=GET Path=/api/v1/user/personal SspendTime="0 ms" status=200
time="2022-01-27 00:31:30" level=info Agent="Mozilla/5.0 (Windows NT 10.0; WOW64) AppleWebKit/537.36 (KHTML, like Gecko) Chrome/86.0.4240.198 Safari/537.36" DataSize=66 HostName=LAPTOP-VP0CHJ56 Ip="::1" Method=GET Path="/api/v1/comment/34?pagesize=5&pagenum=1&desc=1&orderelement=created_at" SspendTime="1 ms" status=200
time="2022-01-27 00:31:34" level=info Agent="Mozilla/5.0 (Windows NT 10.0; WOW64) AppleWebKit/537.36 (KHTML, like Gecko) Chrome/86.0.4240.198 Safari/537.36" DataSize=207 HostName=LAPTOP-VP0CHJ56 Ip="::1" Method=GET Path=/api/v1/user/personal SspendTime="0 ms" status=200
time="2022-01-27 00:31:34" level=info Agent="Mozilla/5.0 (Windows NT 10.0; WOW64) AppleWebKit/537.36 (KHTML, like Gecko) Chrome/86.0.4240.198 Safari/537.36" DataSize=207 HostName=LAPTOP-VP0CHJ56 Ip="::1" Method=GET Path=/api/v1/user/personal SspendTime="0 ms" status=200
time="2022-01-27 00:31:34" level=info Agent="Mozilla/5.0 (Windows NT 10.0; WOW64) AppleWebKit/537.36 (KHTML, like Gecko) Chrome/86.0.4240.198 Safari/537.36" DataSize=24782 HostName=LAPTOP-VP0CHJ56 Ip="::1" Method=GET Path=/api/v1/uservideolist/1 SspendTime="7 ms" status=200
time="2022-01-27 00:31:43" level=info Agent="Mozilla/5.0 (Windows NT 10.0; WOW64) AppleWebKit/537.36 (KHTML, like Gecko) Chrome/86.0.4240.198 Safari/537.36" DataSize=85 HostName=LAPTOP-VP0CHJ56 Ip="::1" Method=GET Path=/api/v1/user/personal SspendTime="0 ms" status=200
time="2022-01-27 00:31:43" level=info Agent="Mozilla/5.0 (Windows NT 10.0; WOW64) AppleWebKit/537.36 (KHTML, like Gecko) Chrome/86.0.4240.198 Safari/537.36" DataSize=2862 HostName=LAPTOP-VP0CHJ56 Ip="::1" Method=GET Path=/api/v1/dailyrank SspendTime="2 ms" status=200
time="2022-01-27 00:31:43" level=info Agent="Mozilla/5.0 (Windows NT 10.0; WOW64) AppleWebKit/537.36 (KHTML, like Gecko) Chrome/86.0.4240.198 Safari/537.36" DataSize=7967 HostName=LAPTOP-VP0CHJ56 Ip="::1" Method=GET Path="/api/v1/video?pagesize=9&pagenum=1&desc=0&orderelement=created_at" SspendTime="5 ms" status=200
time="2022-01-27 00:31:43" level=info Agent="Mozilla/5.0 (Windows NT 10.0; WOW64) AppleWebKit/537.36 (KHTML, like Gecko) Chrome/86.0.4240.198 Safari/537.36" DataSize=7273 HostName=LAPTOP-VP0CHJ56 Ip="::1" Method=GET Path=/api/v1/monthlyrank SspendTime="4 ms" status=200
time="2022-01-27 00:31:43" level=info Agent="Mozilla/5.0 (Windows NT 10.0; WOW64) AppleWebKit/537.36 (KHTML, like Gecko) Chrome/86.0.4240.198 Safari/537.36" DataSize=24761 HostName=LAPTOP-VP0CHJ56 Ip="::1" Method=GET Path=/api/v1/clickrank SspendTime="8 ms" status=200
time="2022-01-27 00:43:46" level=info Agent="Mozilla/5.0 (Windows NT 10.0; WOW64) AppleWebKit/537.36 (KHTML, like Gecko) Chrome/86.0.4240.198 Safari/537.36" DataSize=85 HostName=LAPTOP-VP0CHJ56 Ip="::1" Method=GET Path=/api/v1/user/personal SspendTime="0 ms" status=200
time="2022-01-27 00:43:53" level=info Agent="Mozilla/5.0 (Windows NT 10.0; WOW64) AppleWebKit/537.36 (KHTML, like Gecko) Chrome/86.0.4240.198 Safari/537.36" DataSize=203 HostName=LAPTOP-VP0CHJ56 Ip="::1" Method=POST Path=/api/v1/user/login SspendTime="2 ms" status=200
time="2022-01-27 00:43:53" level=info Agent="Mozilla/5.0 (Windows NT 10.0; WOW64) AppleWebKit/537.36 (KHTML, like Gecko) Chrome/86.0.4240.198 Safari/537.36" DataSize=66 HostName=LAPTOP-VP0CHJ56 Ip="::1" Method=GET Path=/api/v1/videochecklist SspendTime="1 ms" status=200
time="2022-01-27 00:43:53" level=info Agent="Mozilla/5.0 (Windows NT 10.0; WOW64) AppleWebKit/537.36 (KHTML, like Gecko) Chrome/86.0.4240.198 Safari/537.36" DataSize=207 HostName=LAPTOP-VP0CHJ56 Ip="::1" Method=GET Path=/api/v1/user/personal SspendTime="0 ms" status=200
time="2022-01-27 00:43:53" level=info Agent="Mozilla/5.0 (Windows NT 10.0; WOW64) AppleWebKit/537.36 (KHTML, like Gecko) Chrome/86.0.4240.198 Safari/537.36" DataSize=334 HostName=LAPTOP-VP0CHJ56 Ip="::1" Method=GET Path=/api/v1/commentchecklist SspendTime="2 ms" status=200
time="2022-01-27 00:45:07" level=info Agent="Mozilla/5.0 (Windows NT 10.0; WOW64) AppleWebKit/537.36 (KHTML, like Gecko) Chrome/86.0.4240.198 Safari/537.36" DataSize=85 HostName=LAPTOP-VP0CHJ56 Ip="::1" Method=GET Path=/api/v1/user/personal SspendTime="0 ms" status=200
time="2022-01-27 00:45:14" level=info Agent="Mozilla/5.0 (Windows NT 10.0; WOW64) AppleWebKit/537.36 (KHTML, like Gecko) Chrome/86.0.4240.198 Safari/537.36" DataSize=203 HostName=LAPTOP-VP0CHJ56 Ip="::1" Method=POST Path=/api/v1/user/login SspendTime="1 ms" status=200
time="2022-01-27 00:45:14" level=info Agent="Mozilla/5.0 (Windows NT 10.0; WOW64) AppleWebKit/537.36 (KHTML, like Gecko) Chrome/86.0.4240.198 Safari/537.36" DataSize=66 HostName=LAPTOP-VP0CHJ56 Ip="::1" Method=GET Path=/api/v1/videochecklist SspendTime="1 ms" status=200
time="2022-01-27 00:45:14" level=info Agent="Mozilla/5.0 (Windows NT 10.0; WOW64) AppleWebKit/537.36 (KHTML, like Gecko) Chrome/86.0.4240.198 Safari/537.36" DataSize=207 HostName=LAPTOP-VP0CHJ56 Ip="::1" Method=GET Path=/api/v1/user/personal SspendTime="0 ms" status=200
time="2022-01-27 00:45:14" level=info Agent="Mozilla/5.0 (Windows NT 10.0; WOW64) AppleWebKit/537.36 (KHTML, like Gecko) Chrome/86.0.4240.198 Safari/537.36" DataSize=334 HostName=LAPTOP-VP0CHJ56 Ip="::1" Method=GET Path=/api/v1/commentchecklist SspendTime="2 ms" status=200
time="2022-01-27 00:46:39" level=info Agent="Mozilla/5.0 (Windows NT 10.0; WOW64) AppleWebKit/537.36 (KHTML, like Gecko) Chrome/86.0.4240.198 Safari/537.36" DataSize=66 HostName=LAPTOP-VP0CHJ56 Ip="::1" Method=GET Path=/api/v1/videochecklist SspendTime="2 ms" status=200
time="2022-01-27 00:46:39" level=info Agent="Mozilla/5.0 (Windows NT 10.0; WOW64) AppleWebKit/537.36 (KHTML, like Gecko) Chrome/86.0.4240.198 Safari/537.36" DataSize=207 HostName=LAPTOP-VP0CHJ56 Ip="::1" Method=GET Path=/api/v1/user/personal SspendTime="2 ms" status=200
time="2022-01-27 00:46:39" level=info Agent="Mozilla/5.0 (Windows NT 10.0; WOW64) AppleWebKit/537.36 (KHTML, like Gecko) Chrome/86.0.4240.198 Safari/537.36" DataSize=334 HostName=LAPTOP-VP0CHJ56 Ip="::1" Method=GET Path=/api/v1/commentchecklist SspendTime="2 ms" status=200
time="2022-01-27 00:46:42" level=info Agent="Mozilla/5.0 (Windows NT 10.0; WOW64) AppleWebKit/537.36 (KHTML, like Gecko) Chrome/86.0.4240.198 Safari/537.36" DataSize=66 HostName=LAPTOP-VP0CHJ56 Ip="::1" Method=GET Path=/api/v1/videochecklist SspendTime="1 ms" status=200
time="2022-01-27 00:46:42" level=info Agent="Mozilla/5.0 (Windows NT 10.0; WOW64) AppleWebKit/537.36 (KHTML, like Gecko) Chrome/86.0.4240.198 Safari/537.36" DataSize=207 HostName=LAPTOP-VP0CHJ56 Ip="::1" Method=GET Path=/api/v1/user/personal SspendTime="0 ms" status=200
time="2022-01-27 00:46:42" level=info Agent="Mozilla/5.0 (Windows NT 10.0; WOW64) AppleWebKit/537.36 (KHTML, like Gecko) Chrome/86.0.4240.198 Safari/537.36" DataSize=334 HostName=LAPTOP-VP0CHJ56 Ip="::1" Method=GET Path=/api/v1/commentchecklist SspendTime="1 ms" status=200
time="2022-01-27 00:48:20" level=info Agent="Mozilla/5.0 (Windows NT 10.0; WOW64) AppleWebKit/537.36 (KHTML, like Gecko) Chrome/86.0.4240.198 Safari/537.36" DataSize=66 HostName=LAPTOP-VP0CHJ56 Ip="::1" Method=GET Path=/api/v1/videochecklist SspendTime="1 ms" status=200
time="2022-01-27 00:48:20" level=info Agent="Mozilla/5.0 (Windows NT 10.0; WOW64) AppleWebKit/537.36 (KHTML, like Gecko) Chrome/86.0.4240.198 Safari/537.36" DataSize=207 HostName=LAPTOP-VP0CHJ56 Ip="::1" Method=GET Path=/api/v1/user/personal SspendTime="1 ms" status=200
time="2022-01-27 00:48:20" level=info Agent="Mozilla/5.0 (Windows NT 10.0; WOW64) AppleWebKit/537.36 (KHTML, like Gecko) Chrome/86.0.4240.198 Safari/537.36" DataSize=334 HostName=LAPTOP-VP0CHJ56 Ip="::1" Method=GET Path=/api/v1/commentchecklist SspendTime="2 ms" status=200
time="2022-01-27 00:48:50" level=info Agent="Mozilla/5.0 (Windows NT 10.0; WOW64) AppleWebKit/537.36 (KHTML, like Gecko) Chrome/86.0.4240.198 Safari/537.36" DataSize=66 HostName=LAPTOP-VP0CHJ56 Ip="::1" Method=GET Path=/api/v1/videochecklist SspendTime="1 ms" status=200
time="2022-01-27 00:48:50" level=info Agent="Mozilla/5.0 (Windows NT 10.0; WOW64) AppleWebKit/537.36 (KHTML, like Gecko) Chrome/86.0.4240.198 Safari/537.36" DataSize=334 HostName=LAPTOP-VP0CHJ56 Ip="::1" Method=GET Path=/api/v1/commentchecklist SspendTime="0 ms" status=200
time="2022-01-27 00:48:50" level=info Agent="Mozilla/5.0 (Windows NT 10.0; WOW64) AppleWebKit/537.36 (KHTML, like Gecko) Chrome/86.0.4240.198 Safari/537.36" DataSize=207 HostName=LAPTOP-VP0CHJ56 Ip="::1" Method=GET Path=/api/v1/user/personal SspendTime="2 ms" status=200
time="2022-01-27 00:49:23" level=info Agent="ApiPOST Runtime +https://www.apipost.cn" DataSize=334 HostName=LAPTOP-VP0CHJ56 Ip=127.0.0.1 Method=GET Path=/api/v1/commentchecklist SspendTime="2 ms" status=200
time="2022-01-27 00:51:03" level=info Agent="ApiPOST Runtime +https://www.apipost.cn" DataSize=66 HostName=LAPTOP-VP0CHJ56 Ip=127.0.0.1 Method=GET Path=/api/v1/videochecklist SspendTime="1 ms" status=200
time="2022-01-27 00:55:15" level=info Agent="Mozilla/5.0 (Windows NT 10.0; WOW64) AppleWebKit/537.36 (KHTML, like Gecko) Chrome/86.0.4240.198 Safari/537.36" DataSize=85 HostName=LAPTOP-VP0CHJ56 Ip="::1" Method=GET Path=/api/v1/user/personal SspendTime="0 ms" status=200
time="2022-01-27 00:55:20" level=info Agent="Mozilla/5.0 (Windows NT 10.0; WOW64) AppleWebKit/537.36 (KHTML, like Gecko) Chrome/86.0.4240.198 Safari/537.36" DataSize=203 HostName=LAPTOP-VP0CHJ56 Ip="::1" Method=POST Path=/api/v1/user/login SspendTime="3 ms" status=200
time="2022-01-27 00:55:20" level=info Agent="Mozilla/5.0 (Windows NT 10.0; WOW64) AppleWebKit/537.36 (KHTML, like Gecko) Chrome/86.0.4240.198 Safari/537.36" DataSize=429 HostName=LAPTOP-VP0CHJ56 Ip="::1" Method=GET Path=/api/v1/videochecklist SspendTime="1 ms" status=200
time="2022-01-27 00:55:20" level=info Agent="Mozilla/5.0 (Windows NT 10.0; WOW64) AppleWebKit/537.36 (KHTML, like Gecko) Chrome/86.0.4240.198 Safari/537.36" DataSize=207 HostName=LAPTOP-VP0CHJ56 Ip="::1" Method=GET Path=/api/v1/user/personal SspendTime="2 ms" status=200
time="2022-01-27 00:55:20" level=info Agent="Mozilla/5.0 (Windows NT 10.0; WOW64) AppleWebKit/537.36 (KHTML, like Gecko) Chrome/86.0.4240.198 Safari/537.36" DataSize=334 HostName=LAPTOP-VP0CHJ56 Ip="::1" Method=GET Path=/api/v1/commentchecklist SspendTime="2 ms" status=200
time="2022-01-27 00:55:32" level=info Agent="Mozilla/5.0 (Windows NT 10.0; WOW64) AppleWebKit/537.36 (KHTML, like Gecko) Chrome/86.0.4240.198 Safari/537.36" DataSize=207 HostName=LAPTOP-VP0CHJ56 Ip="::1" Method=GET Path=/api/v1/user/personal SspendTime="0 ms" status=200
time="2022-01-27 00:55:32" level=info Agent="Mozilla/5.0 (Windows NT 10.0; WOW64) AppleWebKit/537.36 (KHTML, like Gecko) Chrome/86.0.4240.198 Safari/537.36" DataSize=66 HostName=LAPTOP-VP0CHJ56 Ip="::1" Method=GET Path=/api/v1/videochecklist SspendTime="1 ms" status=200
time="2022-01-27 00:55:32" level=info Agent="Mozilla/5.0 (Windows NT 10.0; WOW64) AppleWebKit/537.36 (KHTML, like Gecko) Chrome/86.0.4240.198 Safari/537.36" DataSize=334 HostName=LAPTOP-VP0CHJ56 Ip="::1" Method=GET Path=/api/v1/commentchecklist SspendTime="0 ms" status=200
time="2022-01-27 00:56:04" level=info Agent="Mozilla/5.0 (Windows NT 10.0; WOW64) AppleWebKit/537.36 (KHTML, like Gecko) Chrome/86.0.4240.198 Safari/537.36" DataSize=207 HostName=LAPTOP-VP0CHJ56 Ip="::1" Method=GET Path=/api/v1/user/personal SspendTime="1 ms" status=200
time="2022-01-27 00:56:04" level=info Agent="Mozilla/5.0 (Windows NT 10.0; WOW64) AppleWebKit/537.36 (KHTML, like Gecko) Chrome/86.0.4240.198 Safari/537.36" DataSize=66 HostName=LAPTOP-VP0CHJ56 Ip="::1" Method=GET Path=/api/v1/videochecklist SspendTime="1 ms" status=200
time="2022-01-27 00:56:04" level=info Agent="Mozilla/5.0 (Windows NT 10.0; WOW64) AppleWebKit/537.36 (KHTML, like Gecko) Chrome/86.0.4240.198 Safari/537.36" DataSize=334 HostName=LAPTOP-VP0CHJ56 Ip="::1" Method=GET Path=/api/v1/commentchecklist SspendTime="2 ms" status=200
time="2022-01-27 00:56:47" level=info Agent="Mozilla/5.0 (Windows NT 10.0; WOW64) AppleWebKit/537.36 (KHTML, like Gecko) Chrome/86.0.4240.198 Safari/537.36" DataSize=207 HostName=LAPTOP-VP0CHJ56 Ip="::1" Method=GET Path=/api/v1/user/personal SspendTime="1 ms" status=200
time="2022-01-27 00:56:47" level=info Agent="Mozilla/5.0 (Windows NT 10.0; WOW64) AppleWebKit/537.36 (KHTML, like Gecko) Chrome/86.0.4240.198 Safari/537.36" DataSize=66 HostName=LAPTOP-VP0CHJ56 Ip="::1" Method=GET Path=/api/v1/videochecklist SspendTime="2 ms" status=200
time="2022-01-27 00:56:47" level=info Agent="Mozilla/5.0 (Windows NT 10.0; WOW64) AppleWebKit/537.36 (KHTML, like Gecko) Chrome/86.0.4240.198 Safari/537.36" DataSize=334 HostName=LAPTOP-VP0CHJ56 Ip="::1" Method=GET Path=/api/v1/commentchecklist SspendTime="2 ms" status=200
time="2022-01-27 00:58:12" level=info Agent="Mozilla/5.0 (Windows NT 10.0; WOW64) AppleWebKit/537.36 (KHTML, like Gecko) Chrome/86.0.4240.198 Safari/537.36" DataSize=207 HostName=LAPTOP-VP0CHJ56 Ip="::1" Method=GET Path=/api/v1/user/personal SspendTime="1 ms" status=200
time="2022-01-27 00:58:12" level=info Agent="Mozilla/5.0 (Windows NT 10.0; WOW64) AppleWebKit/537.36 (KHTML, like Gecko) Chrome/86.0.4240.198 Safari/537.36" DataSize=66 HostName=LAPTOP-VP0CHJ56 Ip="::1" Method=GET Path=/api/v1/videochecklist SspendTime="1 ms" status=200
time="2022-01-27 00:58:12" level=info Agent="Mozilla/5.0 (Windows NT 10.0; WOW64) AppleWebKit/537.36 (KHTML, like Gecko) Chrome/86.0.4240.198 Safari/537.36" DataSize=334 HostName=LAPTOP-VP0CHJ56 Ip="::1" Method=GET Path=/api/v1/commentchecklist SspendTime="2 ms" status=200
time="2022-01-27 00:58:21" level=warning Agent="Mozilla/5.0 (Windows NT 10.0; WOW64) AppleWebKit/537.36 (KHTML, like Gecko) Chrome/86.0.4240.198 Safari/537.36" DataSize=0 HostName=LAPTOP-VP0CHJ56 Ip="::1" Method=DELETE Path=/api/v1/commentcheckban/2 SspendTime="0 ms" status=404
time="2022-01-27 00:58:22" level=warning Agent="Mozilla/5.0 (Windows NT 10.0; WOW64) AppleWebKit/537.36 (KHTML, like Gecko) Chrome/86.0.4240.198 Safari/537.36" DataSize=0 HostName=LAPTOP-VP0CHJ56 Ip="::1" Method=DELETE Path=/api/v1/commentcheckban/2 SspendTime="0 ms" status=404
time="2022-01-27 00:58:22" level=warning Agent="Mozilla/5.0 (Windows NT 10.0; WOW64) AppleWebKit/537.36 (KHTML, like Gecko) Chrome/86.0.4240.198 Safari/537.36" DataSize=0 HostName=LAPTOP-VP0CHJ56 Ip="::1" Method=DELETE Path=/api/v1/commentcheckban/2 SspendTime="0 ms" status=404
time="2022-01-27 00:58:28" level=info Agent="Mozilla/5.0 (Windows NT 10.0; WOW64) AppleWebKit/537.36 (KHTML, like Gecko) Chrome/86.0.4240.198 Safari/537.36" DataSize=66 HostName=LAPTOP-VP0CHJ56 Ip="::1" Method=GET Path=/api/v1/videochecklist SspendTime="0 ms" status=200
time="2022-01-27 00:58:28" level=info Agent="Mozilla/5.0 (Windows NT 10.0; WOW64) AppleWebKit/537.36 (KHTML, like Gecko) Chrome/86.0.4240.198 Safari/537.36" DataSize=207 HostName=LAPTOP-VP0CHJ56 Ip="::1" Method=GET Path=/api/v1/user/personal SspendTime="0 ms" status=200
time="2022-01-27 00:58:28" level=info Agent="Mozilla/5.0 (Windows NT 10.0; WOW64) AppleWebKit/537.36 (KHTML, like Gecko) Chrome/86.0.4240.198 Safari/537.36" DataSize=334 HostName=LAPTOP-VP0CHJ56 Ip="::1" Method=GET Path=/api/v1/commentchecklist SspendTime="1 ms" status=200
time="2022-01-27 00:58:33" level=warning Agent="Mozilla/5.0 (Windows NT 10.0; WOW64) AppleWebKit/537.36 (KHTML, like Gecko) Chrome/86.0.4240.198 Safari/537.36" DataSize=0 HostName=LAPTOP-VP0CHJ56 Ip="::1" Method=DELETE Path=/api/v1/commentcheckpass/2 SspendTime="0 ms" status=404
time="2022-01-27 00:59:47" level=info Agent="Mozilla/5.0 (Windows NT 10.0; WOW64) AppleWebKit/537.36 (KHTML, like Gecko) Chrome/86.0.4240.198 Safari/537.36" DataSize=66 HostName=LAPTOP-VP0CHJ56 Ip="::1" Method=GET Path=/api/v1/videochecklist SspendTime="2 ms" status=200
time="2022-01-27 00:59:47" level=info Agent="Mozilla/5.0 (Windows NT 10.0; WOW64) AppleWebKit/537.36 (KHTML, like Gecko) Chrome/86.0.4240.198 Safari/537.36" DataSize=334 HostName=LAPTOP-VP0CHJ56 Ip="::1" Method=GET Path=/api/v1/commentchecklist SspendTime="2 ms" status=200
time="2022-01-27 00:59:47" level=info Agent="Mozilla/5.0 (Windows NT 10.0; WOW64) AppleWebKit/537.36 (KHTML, like Gecko) Chrome/86.0.4240.198 Safari/537.36" DataSize=207 HostName=LAPTOP-VP0CHJ56 Ip="::1" Method=GET Path=/api/v1/user/personal SspendTime="1 ms" status=200
time="2022-01-27 01:02:25" level=info Agent="Mozilla/5.0 (Windows NT 10.0; WOW64) AppleWebKit/537.36 (KHTML, like Gecko) Chrome/86.0.4240.198 Safari/537.36" DataSize=207 HostName=LAPTOP-VP0CHJ56 Ip="::1" Method=GET Path=/api/v1/user/personal SspendTime="1 ms" status=200
time="2022-01-27 01:02:25" level=info Agent="Mozilla/5.0 (Windows NT 10.0; WOW64) AppleWebKit/537.36 (KHTML, like Gecko) Chrome/86.0.4240.198 Safari/537.36" DataSize=66 HostName=LAPTOP-VP0CHJ56 Ip="::1" Method=GET Path=/api/v1/videochecklist SspendTime="1 ms" status=200
time="2022-01-27 01:02:25" level=info Agent="Mozilla/5.0 (Windows NT 10.0; WOW64) AppleWebKit/537.36 (KHTML, like Gecko) Chrome/86.0.4240.198 Safari/537.36" DataSize=334 HostName=LAPTOP-VP0CHJ56 Ip="::1" Method=GET Path=/api/v1/commentchecklist SspendTime="2 ms" status=200
time="2022-01-27 01:02:28" level=info Agent="Mozilla/5.0 (Windows NT 10.0; WOW64) AppleWebKit/537.36 (KHTML, like Gecko) Chrome/86.0.4240.198 Safari/537.36" DataSize=66 HostName=LAPTOP-VP0CHJ56 Ip="::1" Method=GET Path=/api/v1/videochecklist SspendTime="1 ms" status=200
time="2022-01-27 01:02:28" level=info Agent="Mozilla/5.0 (Windows NT 10.0; WOW64) AppleWebKit/537.36 (KHTML, like Gecko) Chrome/86.0.4240.198 Safari/537.36" DataSize=334 HostName=LAPTOP-VP0CHJ56 Ip="::1" Method=GET Path=/api/v1/commentchecklist SspendTime="0 ms" status=200
time="2022-01-27 01:02:28" level=info Agent="Mozilla/5.0 (Windows NT 10.0; WOW64) AppleWebKit/537.36 (KHTML, like Gecko) Chrome/86.0.4240.198 Safari/537.36" DataSize=207 HostName=LAPTOP-VP0CHJ56 Ip="::1" Method=GET Path=/api/v1/user/personal SspendTime="0 ms" status=200
time="2022-01-27 01:02:34" level=info Agent="Mozilla/5.0 (Windows NT 10.0; WOW64) AppleWebKit/537.36 (KHTML, like Gecko) Chrome/86.0.4240.198 Safari/537.36" DataSize=58 HostName=LAPTOP-VP0CHJ56 Ip="::1" Method=POST Path=/api/v1/commentcheckban/2 SspendTime="1 ms" status=200
time="2022-01-27 01:02:34" level=info Agent="Mozilla/5.0 (Windows NT 10.0; WOW64) AppleWebKit/537.36 (KHTML, like Gecko) Chrome/86.0.4240.198 Safari/537.36" DataSize=66 HostName=LAPTOP-VP0CHJ56 Ip="::1" Method=GET Path=/api/v1/videochecklist SspendTime="1 ms" status=200
time="2022-01-27 01:02:37" level=info Agent="Mozilla/5.0 (Windows NT 10.0; WOW64) AppleWebKit/537.36 (KHTML, like Gecko) Chrome/86.0.4240.198 Safari/537.36" DataSize=66 HostName=LAPTOP-VP0CHJ56 Ip="::1" Method=GET Path=/api/v1/videochecklist SspendTime="1 ms" status=200
time="2022-01-27 01:02:37" level=info Agent="Mozilla/5.0 (Windows NT 10.0; WOW64) AppleWebKit/537.36 (KHTML, like Gecko) Chrome/86.0.4240.198 Safari/537.36" DataSize=66 HostName=LAPTOP-VP0CHJ56 Ip="::1" Method=GET Path=/api/v1/commentchecklist SspendTime="0 ms" status=200
time="2022-01-27 01:02:37" level=info Agent="Mozilla/5.0 (Windows NT 10.0; WOW64) AppleWebKit/537.36 (KHTML, like Gecko) Chrome/86.0.4240.198 Safari/537.36" DataSize=207 HostName=LAPTOP-VP0CHJ56 Ip="::1" Method=GET Path=/api/v1/user/personal SspendTime="0 ms" status=200
time="2022-01-27 01:03:05" level=info Agent="Mozilla/5.0 (Windows NT 10.0; WOW64) AppleWebKit/537.36 (KHTML, like Gecko) Chrome/86.0.4240.198 Safari/537.36" DataSize=66 HostName=LAPTOP-VP0CHJ56 Ip="::1" Method=GET Path=/api/v1/videochecklist SspendTime="2 ms" status=200
time="2022-01-27 01:03:05" level=info Agent="Mozilla/5.0 (Windows NT 10.0; WOW64) AppleWebKit/537.36 (KHTML, like Gecko) Chrome/86.0.4240.198 Safari/537.36" DataSize=66 HostName=LAPTOP-VP0CHJ56 Ip="::1" Method=GET Path=/api/v1/commentchecklist SspendTime="2 ms" status=200
time="2022-01-27 01:03:05" level=info Agent="Mozilla/5.0 (Windows NT 10.0; WOW64) AppleWebKit/537.36 (KHTML, like Gecko) Chrome/86.0.4240.198 Safari/537.36" DataSize=207 HostName=LAPTOP-VP0CHJ56 Ip="::1" Method=GET Path=/api/v1/user/personal SspendTime="1 ms" status=200
time="2022-01-27 01:33:17" level=info Agent="Mozilla/5.0 (Windows NT 10.0; WOW64) AppleWebKit/537.36 (KHTML, like Gecko) Chrome/86.0.4240.198 Safari/537.36" DataSize=66 HostName=LAPTOP-VP0CHJ56 Ip="::1" Method=GET Path=/api/v1/videochecklist SspendTime="2 ms" status=200
time="2022-01-27 01:33:17" level=info Agent="Mozilla/5.0 (Windows NT 10.0; WOW64) AppleWebKit/537.36 (KHTML, like Gecko) Chrome/86.0.4240.198 Safari/537.36" DataSize=66 HostName=LAPTOP-VP0CHJ56 Ip="::1" Method=GET Path=/api/v1/commentchecklist SspendTime="0 ms" status=200
time="2022-01-27 01:33:17" level=warning Agent="Mozilla/5.0 (Windows NT 10.0; WOW64) AppleWebKit/537.36 (KHTML, like Gecko) Chrome/86.0.4240.198 Safari/537.36" DataSize=0 HostName=LAPTOP-VP0CHJ56 Ip="::1" Method=GET Path=/api/v1/commentadmin SspendTime="0 ms" status=404
time="2022-01-27 01:33:17" level=warning Agent="Mozilla/5.0 (Windows NT 10.0; WOW64) AppleWebKit/537.36 (KHTML, like Gecko) Chrome/86.0.4240.198 Safari/537.36" DataSize=0 HostName=LAPTOP-VP0CHJ56 Ip="::1" Method=GET Path=/api/v1/videoadmin SspendTime="0 ms" status=404
time="2022-01-27 01:33:17" level=info Agent="Mozilla/5.0 (Windows NT 10.0; WOW64) AppleWebKit/537.36 (KHTML, like Gecko) Chrome/86.0.4240.198 Safari/537.36" DataSize=207 HostName=LAPTOP-VP0CHJ56 Ip="::1" Method=GET Path=/api/v1/user/personal SspendTime="0 ms" status=200
time="2022-01-27 01:33:25" level=info Agent="Mozilla/5.0 (Windows NT 10.0; WOW64) AppleWebKit/537.36 (KHTML, like Gecko) Chrome/86.0.4240.198 Safari/537.36" DataSize=66 HostName=LAPTOP-VP0CHJ56 Ip="::1" Method=GET Path=/api/v1/videochecklist SspendTime="0 ms" status=200
time="2022-01-27 01:33:25" level=warning Agent="Mozilla/5.0 (Windows NT 10.0; WOW64) AppleWebKit/537.36 (KHTML, like Gecko) Chrome/86.0.4240.198 Safari/537.36" DataSize=0 HostName=LAPTOP-VP0CHJ56 Ip="::1" Method=GET Path=/api/v1/commentadmin SspendTime="0 ms" status=404
time="2022-01-27 01:33:25" level=info Agent="Mozilla/5.0 (Windows NT 10.0; WOW64) AppleWebKit/537.36 (KHTML, like Gecko) Chrome/86.0.4240.198 Safari/537.36" DataSize=66 HostName=LAPTOP-VP0CHJ56 Ip="::1" Method=GET Path=/api/v1/commentchecklist SspendTime="0 ms" status=200
time="2022-01-27 01:33:25" level=warning Agent="Mozilla/5.0 (Windows NT 10.0; WOW64) AppleWebKit/537.36 (KHTML, like Gecko) Chrome/86.0.4240.198 Safari/537.36" DataSize=0 HostName=LAPTOP-VP0CHJ56 Ip="::1" Method=GET Path=/api/v1/videoadmin SspendTime="0 ms" status=404
time="2022-01-27 01:33:25" level=info Agent="Mozilla/5.0 (Windows NT 10.0; WOW64) AppleWebKit/537.36 (KHTML, like Gecko) Chrome/86.0.4240.198 Safari/537.36" DataSize=207 HostName=LAPTOP-VP0CHJ56 Ip="::1" Method=GET Path=/api/v1/user/personal SspendTime="0 ms" status=200
time="2022-01-27 01:33:39" level=info Agent="Mozilla/5.0 (Windows NT 10.0; WOW64) AppleWebKit/537.36 (KHTML, like Gecko) Chrome/86.0.4240.198 Safari/537.36" DataSize=66 HostName=LAPTOP-VP0CHJ56 Ip="::1" Method=GET Path=/api/v1/videochecklist SspendTime="1 ms" status=200
time="2022-01-27 01:33:39" level=info Agent="Mozilla/5.0 (Windows NT 10.0; WOW64) AppleWebKit/537.36 (KHTML, like Gecko) Chrome/86.0.4240.198 Safari/537.36" DataSize=66 HostName=LAPTOP-VP0CHJ56 Ip="::1" Method=GET Path=/api/v1/commentchecklist SspendTime="0 ms" status=200
time="2022-01-27 01:33:39" level=info Agent="Mozilla/5.0 (Windows NT 10.0; WOW64) AppleWebKit/537.36 (KHTML, like Gecko) Chrome/86.0.4240.198 Safari/537.36" DataSize=602 HostName=LAPTOP-VP0CHJ56 Ip="::1" Method=GET Path=/api/v1/commentadmin SspendTime="2 ms" status=200
time="2022-01-27 01:33:39" level=info Agent="Mozilla/5.0 (Windows NT 10.0; WOW64) AppleWebKit/537.36 (KHTML, like Gecko) Chrome/86.0.4240.198 Safari/537.36" DataSize=207 HostName=LAPTOP-VP0CHJ56 Ip="::1" Method=GET Path=/api/v1/user/personal SspendTime="1 ms" status=200
time="2022-01-27 01:33:39" level=info Agent="Mozilla/5.0 (Windows NT 10.0; WOW64) AppleWebKit/537.36 (KHTML, like Gecko) Chrome/86.0.4240.198 Safari/537.36" DataSize=24782 HostName=LAPTOP-VP0CHJ56 Ip="::1" Method=GET Path=/api/v1/videoadmin SspendTime="6 ms" status=200
time="2022-01-27 01:34:21" level=info Agent="Mozilla/5.0 (Windows NT 10.0; WOW64) AppleWebKit/537.36 (KHTML, like Gecko) Chrome/86.0.4240.198 Safari/537.36" DataSize=66 HostName=LAPTOP-VP0CHJ56 Ip="::1" Method=GET Path=/api/v1/videochecklist SspendTime="2 ms" status=200
time="2022-01-27 01:34:21" level=info Agent="Mozilla/5.0 (Windows NT 10.0; WOW64) AppleWebKit/537.36 (KHTML, like Gecko) Chrome/86.0.4240.198 Safari/537.36" DataSize=66 HostName=LAPTOP-VP0CHJ56 Ip="::1" Method=GET Path=/api/v1/commentchecklist SspendTime="2 ms" status=200
time="2022-01-27 01:34:21" level=info Agent="Mozilla/5.0 (Windows NT 10.0; WOW64) AppleWebKit/537.36 (KHTML, like Gecko) Chrome/86.0.4240.198 Safari/537.36" DataSize=207 HostName=LAPTOP-VP0CHJ56 Ip="::1" Method=GET Path=/api/v1/user/personal SspendTime="1 ms" status=200
time="2022-01-27 01:34:21" level=info Agent="Mozilla/5.0 (Windows NT 10.0; WOW64) AppleWebKit/537.36 (KHTML, like Gecko) Chrome/86.0.4240.198 Safari/537.36" DataSize=602 HostName=LAPTOP-VP0CHJ56 Ip="::1" Method=GET Path=/api/v1/commentadmin SspendTime="2 ms" status=200
time="2022-01-27 01:34:21" level=info Agent="Mozilla/5.0 (Windows NT 10.0; WOW64) AppleWebKit/537.36 (KHTML, like Gecko) Chrome/86.0.4240.198 Safari/537.36" DataSize=24782 HostName=LAPTOP-VP0CHJ56 Ip="::1" Method=GET Path=/api/v1/videoadmin SspendTime="8 ms" status=200
time="2022-01-27 01:35:03" level=info Agent="Mozilla/5.0 (Windows NT 10.0; WOW64) AppleWebKit/537.36 (KHTML, like Gecko) Chrome/86.0.4240.198 Safari/537.36" DataSize=66 HostName=LAPTOP-VP0CHJ56 Ip="::1" Method=GET Path=/api/v1/videochecklist SspendTime="2 ms" status=200
time="2022-01-27 01:35:03" level=info Agent="Mozilla/5.0 (Windows NT 10.0; WOW64) AppleWebKit/537.36 (KHTML, like Gecko) Chrome/86.0.4240.198 Safari/537.36" DataSize=66 HostName=LAPTOP-VP0CHJ56 Ip="::1" Method=GET Path=/api/v1/commentchecklist SspendTime="2 ms" status=200
time="2022-01-27 01:35:03" level=info Agent="Mozilla/5.0 (Windows NT 10.0; WOW64) AppleWebKit/537.36 (KHTML, like Gecko) Chrome/86.0.4240.198 Safari/537.36" DataSize=602 HostName=LAPTOP-VP0CHJ56 Ip="::1" Method=GET Path=/api/v1/commentadmin SspendTime="2 ms" status=200
time="2022-01-27 01:35:03" level=info Agent="Mozilla/5.0 (Windows NT 10.0; WOW64) AppleWebKit/537.36 (KHTML, like Gecko) Chrome/86.0.4240.198 Safari/537.36" DataSize=207 HostName=LAPTOP-VP0CHJ56 Ip="::1" Method=GET Path=/api/v1/user/personal SspendTime="2 ms" status=200
time="2022-01-27 01:35:03" level=info Agent="Mozilla/5.0 (Windows NT 10.0; WOW64) AppleWebKit/537.36 (KHTML, like Gecko) Chrome/86.0.4240.198 Safari/537.36" DataSize=24782 HostName=LAPTOP-VP0CHJ56 Ip="::1" Method=GET Path=/api/v1/videoadmin SspendTime="8 ms" status=200
time="2022-01-27 01:35:33" level=info Agent="Mozilla/5.0 (Windows NT 10.0; WOW64) AppleWebKit/537.36 (KHTML, like Gecko) Chrome/86.0.4240.198 Safari/537.36" DataSize=66 HostName=LAPTOP-VP0CHJ56 Ip="::1" Method=GET Path=/api/v1/videochecklist SspendTime="2 ms" status=200
time="2022-01-27 01:35:33" level=info Agent="Mozilla/5.0 (Windows NT 10.0; WOW64) AppleWebKit/537.36 (KHTML, like Gecko) Chrome/86.0.4240.198 Safari/537.36" DataSize=66 HostName=LAPTOP-VP0CHJ56 Ip="::1" Method=GET Path=/api/v1/commentchecklist SspendTime="2 ms" status=200
time="2022-01-27 01:35:33" level=info Agent="Mozilla/5.0 (Windows NT 10.0; WOW64) AppleWebKit/537.36 (KHTML, like Gecko) Chrome/86.0.4240.198 Safari/537.36" DataSize=207 HostName=LAPTOP-VP0CHJ56 Ip="::1" Method=GET Path=/api/v1/user/personal SspendTime="1 ms" status=200
time="2022-01-27 01:35:33" level=info Agent="Mozilla/5.0 (Windows NT 10.0; WOW64) AppleWebKit/537.36 (KHTML, like Gecko) Chrome/86.0.4240.198 Safari/537.36" DataSize=602 HostName=LAPTOP-VP0CHJ56 Ip="::1" Method=GET Path=/api/v1/commentadmin SspendTime="2 ms" status=200
time="2022-01-27 01:35:33" level=info Agent="Mozilla/5.0 (Windows NT 10.0; WOW64) AppleWebKit/537.36 (KHTML, like Gecko) Chrome/86.0.4240.198 Safari/537.36" DataSize=24782 HostName=LAPTOP-VP0CHJ56 Ip="::1" Method=GET Path=/api/v1/videoadmin SspendTime="7 ms" status=200
time="2022-01-27 01:35:44" level=info Agent="Mozilla/5.0 (Windows NT 10.0; WOW64) AppleWebKit/537.36 (KHTML, like Gecko) Chrome/86.0.4240.198 Safari/537.36" DataSize=66 HostName=LAPTOP-VP0CHJ56 Ip="::1" Method=GET Path=/api/v1/videochecklist SspendTime="0 ms" status=200
time="2022-01-27 01:35:44" level=info Agent="Mozilla/5.0 (Windows NT 10.0; WOW64) AppleWebKit/537.36 (KHTML, like Gecko) Chrome/86.0.4240.198 Safari/537.36" DataSize=66 HostName=LAPTOP-VP0CHJ56 Ip="::1" Method=GET Path=/api/v1/commentchecklist SspendTime="0 ms" status=200
time="2022-01-27 01:35:44" level=info Agent="Mozilla/5.0 (Windows NT 10.0; WOW64) AppleWebKit/537.36 (KHTML, like Gecko) Chrome/86.0.4240.198 Safari/537.36" DataSize=602 HostName=LAPTOP-VP0CHJ56 Ip="::1" Method=GET Path=/api/v1/commentadmin SspendTime="1 ms" status=200
time="2022-01-27 01:35:44" level=info Agent="Mozilla/5.0 (Windows NT 10.0; WOW64) AppleWebKit/537.36 (KHTML, like Gecko) Chrome/86.0.4240.198 Safari/537.36" DataSize=207 HostName=LAPTOP-VP0CHJ56 Ip="::1" Method=GET Path=/api/v1/user/personal SspendTime="0 ms" status=200
time="2022-01-27 01:35:44" level=info Agent="Mozilla/5.0 (Windows NT 10.0; WOW64) AppleWebKit/537.36 (KHTML, like Gecko) Chrome/86.0.4240.198 Safari/537.36" DataSize=24782 HostName=LAPTOP-VP0CHJ56 Ip="::1" Method=GET Path=/api/v1/videoadmin SspendTime="6 ms" status=200
time="2022-01-27 01:37:07" level=info Agent="Mozilla/5.0 (Windows NT 10.0; WOW64) AppleWebKit/537.36 (KHTML, like Gecko) Chrome/86.0.4240.198 Safari/537.36" DataSize=58 HostName=LAPTOP-VP0CHJ56 Ip="::1" Method=DELETE Path=/api/v1/commentadmin/1 SspendTime="2 ms" status=200
time="2022-01-27 01:37:07" level=info Agent="Mozilla/5.0 (Windows NT 10.0; WOW64) AppleWebKit/537.36 (KHTML, like Gecko) Chrome/86.0.4240.198 Safari/537.36" DataSize=334 HostName=LAPTOP-VP0CHJ56 Ip="::1" Method=GET Path=/api/v1/commentadmin SspendTime="0 ms" status=200
time="2022-01-27 01:37:15" level=info Agent="Mozilla/5.0 (Windows NT 10.0; WOW64) AppleWebKit/537.36 (KHTML, like Gecko) Chrome/86.0.4240.198 Safari/537.36" DataSize=66 HostName=LAPTOP-VP0CHJ56 Ip="::1" Method=GET Path=/api/v1/videochecklist SspendTime="0 ms" status=200
time="2022-01-27 01:37:15" level=info Agent="Mozilla/5.0 (Windows NT 10.0; WOW64) AppleWebKit/537.36 (KHTML, like Gecko) Chrome/86.0.4240.198 Safari/537.36" DataSize=334 HostName=LAPTOP-VP0CHJ56 Ip="::1" Method=GET Path=/api/v1/commentadmin SspendTime="2 ms" status=200
time="2022-01-27 01:37:15" level=info Agent="Mozilla/5.0 (Windows NT 10.0; WOW64) AppleWebKit/537.36 (KHTML, like Gecko) Chrome/86.0.4240.198 Safari/537.36" DataSize=66 HostName=LAPTOP-VP0CHJ56 Ip="::1" Method=GET Path=/api/v1/commentchecklist SspendTime="2 ms" status=200
time="2022-01-27 01:37:15" level=info Agent="Mozilla/5.0 (Windows NT 10.0; WOW64) AppleWebKit/537.36 (KHTML, like Gecko) Chrome/86.0.4240.198 Safari/537.36" DataSize=207 HostName=LAPTOP-VP0CHJ56 Ip="::1" Method=GET Path=/api/v1/user/personal SspendTime="2 ms" status=200
time="2022-01-27 01:37:15" level=info Agent="Mozilla/5.0 (Windows NT 10.0; WOW64) AppleWebKit/537.36 (KHTML, like Gecko) Chrome/86.0.4240.198 Safari/537.36" DataSize=24782 HostName=LAPTOP-VP0CHJ56 Ip="::1" Method=GET Path=/api/v1/videoadmin SspendTime="7 ms" status=200
time="2022-01-27 01:41:26" level=info Agent="Mozilla/5.0 (Windows NT 10.0; WOW64) AppleWebKit/537.36 (KHTML, like Gecko) Chrome/86.0.4240.198 Safari/537.36" DataSize=66 HostName=LAPTOP-VP0CHJ56 Ip="::1" Method=GET Path=/api/v1/videochecklist SspendTime="2 ms" status=200
time="2022-01-27 01:41:26" level=info Agent="Mozilla/5.0 (Windows NT 10.0; WOW64) AppleWebKit/537.36 (KHTML, like Gecko) Chrome/86.0.4240.198 Safari/537.36" DataSize=66 HostName=LAPTOP-VP0CHJ56 Ip="::1" Method=GET Path=/api/v1/commentchecklist SspendTime="2 ms" status=200
time="2022-01-27 01:41:26" level=info Agent="Mozilla/5.0 (Windows NT 10.0; WOW64) AppleWebKit/537.36 (KHTML, like Gecko) Chrome/86.0.4240.198 Safari/537.36" DataSize=207 HostName=LAPTOP-VP0CHJ56 Ip="::1" Method=GET Path=/api/v1/user/personal SspendTime="1 ms" status=200
time="2022-01-27 01:41:26" level=info Agent="Mozilla/5.0 (Windows NT 10.0; WOW64) AppleWebKit/537.36 (KHTML, like Gecko) Chrome/86.0.4240.198 Safari/537.36" DataSize=334 HostName=LAPTOP-VP0CHJ56 Ip="::1" Method=GET Path=/api/v1/commentadmin SspendTime="2 ms" status=200
time="2022-01-27 01:41:26" level=info Agent="Mozilla/5.0 (Windows NT 10.0; WOW64) AppleWebKit/537.36 (KHTML, like Gecko) Chrome/86.0.4240.198 Safari/537.36" DataSize=24782 HostName=LAPTOP-VP0CHJ56 Ip="::1" Method=GET Path=/api/v1/videoadmin SspendTime="7 ms" status=200
time="2022-01-27 01:42:28" level=info Agent="ApiPOST Runtime +https://www.apipost.cn" DataSize=85 HostName=LAPTOP-VP0CHJ56 Ip=127.0.0.1 Method=POST Path=/api/v1/upload SspendTime="0 ms" status=200
time="2022-01-27 01:45:00" level=info Agent="Mozilla/5.0 (Windows NT 10.0; WOW64) AppleWebKit/537.36 (KHTML, like Gecko) Chrome/86.0.4240.198 Safari/537.36" DataSize=66 HostName=LAPTOP-VP0CHJ56 Ip="::1" Method=GET Path=/api/v1/videochecklist SspendTime="2 ms" status=200
time="2022-01-27 01:45:00" level=info Agent="Mozilla/5.0 (Windows NT 10.0; WOW64) AppleWebKit/537.36 (KHTML, like Gecko) Chrome/86.0.4240.198 Safari/537.36" DataSize=66 HostName=LAPTOP-VP0CHJ56 Ip="::1" Method=GET Path=/api/v1/commentchecklist SspendTime="2 ms" status=200
time="2022-01-27 01:45:00" level=info Agent="Mozilla/5.0 (Windows NT 10.0; WOW64) AppleWebKit/537.36 (KHTML, like Gecko) Chrome/86.0.4240.198 Safari/537.36" DataSize=334 HostName=LAPTOP-VP0CHJ56 Ip="::1" Method=GET Path=/api/v1/commentadmin SspendTime="1 ms" status=200
time="2022-01-27 01:45:00" level=info Agent="Mozilla/5.0 (Windows NT 10.0; WOW64) AppleWebKit/537.36 (KHTML, like Gecko) Chrome/86.0.4240.198 Safari/537.36" DataSize=207 HostName=LAPTOP-VP0CHJ56 Ip="::1" Method=GET Path=/api/v1/user/personal SspendTime="1 ms" status=200
time="2022-01-27 01:45:00" level=info Agent="Mozilla/5.0 (Windows NT 10.0; WOW64) AppleWebKit/537.36 (KHTML, like Gecko) Chrome/86.0.4240.198 Safari/537.36" DataSize=24782 HostName=LAPTOP-VP0CHJ56 Ip="::1" Method=GET Path=/api/v1/videoadmin SspendTime="7 ms" status=200
time="2022-01-27 01:45:23" level=info Agent="ApiPOST Runtime +https://www.apipost.cn" DataSize=58 HostName=LAPTOP-VP0CHJ56 Ip=127.0.0.1 Method=POST Path=/api/v1/video SspendTime="1 ms" status=200
time="2022-01-27 01:45:27" level=info Agent="Mozilla/5.0 (Windows NT 10.0; WOW64) AppleWebKit/537.36 (KHTML, like Gecko) Chrome/86.0.4240.198 Safari/537.36" DataSize=66 HostName=LAPTOP-VP0CHJ56 Ip="::1" Method=GET Path=/api/v1/commentchecklist SspendTime="0 ms" status=200
time="2022-01-27 01:45:27" level=info Agent="Mozilla/5.0 (Windows NT 10.0; WOW64) AppleWebKit/537.36 (KHTML, like Gecko) Chrome/86.0.4240.198 Safari/537.36" DataSize=507 HostName=LAPTOP-VP0CHJ56 Ip="::1" Method=GET Path=/api/v1/videochecklist SspendTime="1 ms" status=200
time="2022-01-27 01:45:27" level=info Agent="Mozilla/5.0 (Windows NT 10.0; WOW64) AppleWebKit/537.36 (KHTML, like Gecko) Chrome/86.0.4240.198 Safari/537.36" DataSize=334 HostName=LAPTOP-VP0CHJ56 Ip="::1" Method=GET Path=/api/v1/commentadmin SspendTime="0 ms" status=200
time="2022-01-27 01:45:27" level=info Agent="Mozilla/5.0 (Windows NT 10.0; WOW64) AppleWebKit/537.36 (KHTML, like Gecko) Chrome/86.0.4240.198 Safari/537.36" DataSize=207 HostName=LAPTOP-VP0CHJ56 Ip="::1" Method=GET Path=/api/v1/user/personal SspendTime="0 ms" status=200
time="2022-01-27 01:45:27" level=info Agent="Mozilla/5.0 (Windows NT 10.0; WOW64) AppleWebKit/537.36 (KHTML, like Gecko) Chrome/86.0.4240.198 Safari/537.36" DataSize=25226 HostName=LAPTOP-VP0CHJ56 Ip="::1" Method=GET Path=/api/v1/videoadmin SspendTime="6 ms" status=200
time="2022-01-27 01:45:35" level=info Agent="Mozilla/5.0 (Windows NT 10.0; WOW64) AppleWebKit/537.36 (KHTML, like Gecko) Chrome/86.0.4240.198 Safari/537.36" DataSize=58 HostName=LAPTOP-VP0CHJ56 Ip="::1" Method=DELETE Path=/api/v1/videoadmin/36 SspendTime="2 ms" status=200
time="2022-01-27 01:45:35" level=info Agent="Mozilla/5.0 (Windows NT 10.0; WOW64) AppleWebKit/537.36 (KHTML, like Gecko) Chrome/86.0.4240.198 Safari/537.36" DataSize=24782 HostName=LAPTOP-VP0CHJ56 Ip="::1" Method=GET Path=/api/v1/videoadmin SspendTime="6 ms" status=200
time="2022-01-27 01:46:43" level=info Agent="Mozilla/5.0 (Windows NT 10.0; WOW64) AppleWebKit/537.36 (KHTML, like Gecko) Chrome/86.0.4240.198 Safari/537.36" DataSize=66 HostName=LAPTOP-VP0CHJ56 Ip="::1" Method=GET Path=/api/v1/commentchecklist SspendTime="1 ms" status=200
time="2022-01-27 01:46:43" level=info Agent="Mozilla/5.0 (Windows NT 10.0; WOW64) AppleWebKit/537.36 (KHTML, like Gecko) Chrome/86.0.4240.198 Safari/537.36" DataSize=66 HostName=LAPTOP-VP0CHJ56 Ip="::1" Method=GET Path=/api/v1/videochecklist SspendTime="2 ms" status=200
time="2022-01-27 01:46:43" level=info Agent="Mozilla/5.0 (Windows NT 10.0; WOW64) AppleWebKit/537.36 (KHTML, like Gecko) Chrome/86.0.4240.198 Safari/537.36" DataSize=207 HostName=LAPTOP-VP0CHJ56 Ip="::1" Method=GET Path=/api/v1/user/personal SspendTime="1 ms" status=200
time="2022-01-27 01:46:43" level=info Agent="Mozilla/5.0 (Windows NT 10.0; WOW64) AppleWebKit/537.36 (KHTML, like Gecko) Chrome/86.0.4240.198 Safari/537.36" DataSize=334 HostName=LAPTOP-VP0CHJ56 Ip="::1" Method=GET Path=/api/v1/commentadmin SspendTime="2 ms" status=200
time="2022-01-27 01:46:43" level=info Agent="Mozilla/5.0 (Windows NT 10.0; WOW64) AppleWebKit/537.36 (KHTML, like Gecko) Chrome/86.0.4240.198 Safari/537.36" DataSize=24782 HostName=LAPTOP-VP0CHJ56 Ip="::1" Method=GET Path=/api/v1/videoadmin SspendTime="7 ms" status=200
time="2022-01-27 01:46:48" level=info Agent="ApiPOST Runtime +https://www.apipost.cn" DataSize=58 HostName=LAPTOP-VP0CHJ56 Ip=127.0.0.1 Method=POST Path=/api/v1/video SspendTime="1 ms" status=200
time="2022-01-27 01:46:57" level=info Agent="Mozilla/5.0 (Windows NT 10.0; WOW64) AppleWebKit/537.36 (KHTML, like Gecko) Chrome/86.0.4240.198 Safari/537.36" DataSize=66 HostName=LAPTOP-VP0CHJ56 Ip="::1" Method=GET Path=/api/v1/commentchecklist SspendTime="0 ms" status=200
time="2022-01-27 01:46:57" level=info Agent="Mozilla/5.0 (Windows NT 10.0; WOW64) AppleWebKit/537.36 (KHTML, like Gecko) Chrome/86.0.4240.198 Safari/537.36" DataSize=507 HostName=LAPTOP-VP0CHJ56 Ip="::1" Method=GET Path=/api/v1/videochecklist SspendTime="1 ms" status=200
time="2022-01-27 01:46:57" level=info Agent="Mozilla/5.0 (Windows NT 10.0; WOW64) AppleWebKit/537.36 (KHTML, like Gecko) Chrome/86.0.4240.198 Safari/537.36" DataSize=334 HostName=LAPTOP-VP0CHJ56 Ip="::1" Method=GET Path=/api/v1/commentadmin SspendTime="0 ms" status=200
time="2022-01-27 01:46:57" level=info Agent="Mozilla/5.0 (Windows NT 10.0; WOW64) AppleWebKit/537.36 (KHTML, like Gecko) Chrome/86.0.4240.198 Safari/537.36" DataSize=207 HostName=LAPTOP-VP0CHJ56 Ip="::1" Method=GET Path=/api/v1/user/personal SspendTime="0 ms" status=200
time="2022-01-27 01:46:57" level=info Agent="Mozilla/5.0 (Windows NT 10.0; WOW64) AppleWebKit/537.36 (KHTML, like Gecko) Chrome/86.0.4240.198 Safari/537.36" DataSize=25226 HostName=LAPTOP-VP0CHJ56 Ip="::1" Method=GET Path=/api/v1/videoadmin SspendTime="6 ms" status=200
time="2022-01-27 01:47:05" level=info Agent="Mozilla/5.0 (Windows NT 10.0; WOW64) AppleWebKit/537.36 (KHTML, like Gecko) Chrome/86.0.4240.198 Safari/537.36" DataSize=58 HostName=LAPTOP-VP0CHJ56 Ip="::1" Method=POST Path=/api/v1/videocheckban/37 SspendTime="0 ms" status=200
time="2022-01-27 01:47:05" level=info Agent="Mozilla/5.0 (Windows NT 10.0; WOW64) AppleWebKit/537.36 (KHTML, like Gecko) Chrome/86.0.4240.198 Safari/537.36" DataSize=66 HostName=LAPTOP-VP0CHJ56 Ip="::1" Method=GET Path=/api/v1/videochecklist SspendTime="1 ms" status=200
time="2022-01-27 01:47:42" level=info Agent="Mozilla/5.0 (Windows NT 10.0; WOW64) AppleWebKit/537.36 (KHTML, like Gecko) Chrome/86.0.4240.198 Safari/537.36" DataSize=66 HostName=LAPTOP-VP0CHJ56 Ip="::1" Method=GET Path=/api/v1/videochecklist SspendTime="1 ms" status=200
time="2022-01-27 01:47:42" level=info Agent="Mozilla/5.0 (Windows NT 10.0; WOW64) AppleWebKit/537.36 (KHTML, like Gecko) Chrome/86.0.4240.198 Safari/537.36" DataSize=66 HostName=LAPTOP-VP0CHJ56 Ip="::1" Method=GET Path=/api/v1/commentchecklist SspendTime="1 ms" status=200
time="2022-01-27 01:47:42" level=info Agent="Mozilla/5.0 (Windows NT 10.0; WOW64) AppleWebKit/537.36 (KHTML, like Gecko) Chrome/86.0.4240.198 Safari/537.36" DataSize=334 HostName=LAPTOP-VP0CHJ56 Ip="::1" Method=GET Path=/api/v1/commentadmin SspendTime="2 ms" status=200
time="2022-01-27 01:47:42" level=info Agent="Mozilla/5.0 (Windows NT 10.0; WOW64) AppleWebKit/537.36 (KHTML, like Gecko) Chrome/86.0.4240.198 Safari/537.36" DataSize=207 HostName=LAPTOP-VP0CHJ56 Ip="::1" Method=GET Path=/api/v1/user/personal SspendTime="2 ms" status=200
time="2022-01-27 01:47:42" level=info Agent="Mozilla/5.0 (Windows NT 10.0; WOW64) AppleWebKit/537.36 (KHTML, like Gecko) Chrome/86.0.4240.198 Safari/537.36" DataSize=25226 HostName=LAPTOP-VP0CHJ56 Ip="::1" Method=GET Path=/api/v1/videoadmin SspendTime="8 ms" status=200
time="2022-01-27 01:47:46" level=info Agent="Mozilla/5.0 (Windows NT 10.0; WOW64) AppleWebKit/537.36 (KHTML, like Gecko) Chrome/86.0.4240.198 Safari/537.36" DataSize=58 HostName=LAPTOP-VP0CHJ56 Ip="::1" Method=DELETE Path=/api/v1/videoadmin/37 SspendTime="0 ms" status=200
time="2022-01-27 01:47:46" level=info Agent="Mozilla/5.0 (Windows NT 10.0; WOW64) AppleWebKit/537.36 (KHTML, like Gecko) Chrome/86.0.4240.198 Safari/537.36" DataSize=24782 HostName=LAPTOP-VP0CHJ56 Ip="::1" Method=GET Path=/api/v1/videoadmin SspendTime="7 ms" status=200
